  [1m[35m (5.2ms)[0m  [1m[34mSELECT sqlite_version(*)[0m
  [1m[35m (2.8ms)[0m  [1m[35mCREATE TABLE "schema_migrations" ("version" varchar NOT NULL PRIMARY KEY)[0m
  [1m[35m (1.8ms)[0m  [1m[35mCREATE TABLE "ar_internal_metadata" ("key" varchar NOT NULL PRIMARY KEY, "value" varchar, "created_at" datetime(6) NOT NULL, "updated_at" datetime(6) NOT NULL)[0m
  [1m[35m (0.4ms)[0m  [1m[34mSELECT "schema_migrations"."version" FROM "schema_migrations" ORDER BY "schema_migrations"."version" ASC[0m
Migrating to CreateUsers (20210126012623)
  [1m[36mTRANSACTION (0.1ms)[0m  [1m[36mbegin transaction[0m
  [1m[35m (0.6ms)[0m  [1m[35mCREATE TABLE "users" ("id" integer PRIMARY KEY AUTOINCREMENT NOT NULL, "username" varchar, "email" varchar, "password" varchar, "description" text, "image_url" varchar, "created_at" datetime(6) NOT NULL, "updated_at" datetime(6) NOT NULL)[0m
  [1m[36mActiveRecord::SchemaMigration Create (0.3ms)[0m  [1m[32mINSERT INTO "schema_migrations" ("version") VALUES (?)[0m  [["version", "20210126012623"]]
  [1m[36mTRANSACTION (3.0ms)[0m  [1m[36mcommit transaction[0m
Migrating to CreateSpecies (20210126013055)
  [1m[36mTRANSACTION (0.1ms)[0m  [1m[36mbegin transaction[0m
  [1m[35m (1.0ms)[0m  [1m[35mCREATE TABLE "species" ("id" integer PRIMARY KEY AUTOINCREMENT NOT NULL, "name" varchar, "latin_name" varchar, "status" varchar, "habitats" varchar, "population" varchar, "description" text, "created_at" datetime(6) NOT NULL, "updated_at" datetime(6) NOT NULL)[0m
  [1m[36mActiveRecord::SchemaMigration Create (0.3ms)[0m  [1m[32mINSERT INTO "schema_migrations" ("version") VALUES (?)[0m  [["version", "20210126013055"]]
  [1m[36mTRANSACTION (2.8ms)[0m  [1m[36mcommit transaction[0m
Migrating to CreateDonations (20210126013130)
  [1m[36mTRANSACTION (0.1ms)[0m  [1m[36mbegin transaction[0m
  [1m[35m (0.8ms)[0m  [1m[35mCREATE TABLE "donations" ("id" integer PRIMARY KEY AUTOINCREMENT NOT NULL, "user_id" integer, "species_id" integer, "created_at" datetime(6) NOT NULL, "updated_at" datetime(6) NOT NULL)[0m
  [1m[36mActiveRecord::SchemaMigration Create (0.2ms)[0m  [1m[32mINSERT INTO "schema_migrations" ("version") VALUES (?)[0m  [["version", "20210126013130"]]
  [1m[36mTRANSACTION (3.6ms)[0m  [1m[36mcommit transaction[0m
Migrating to AddImageUrlToSpecies (20210126041215)
  [1m[36mTRANSACTION (0.1ms)[0m  [1m[36mbegin transaction[0m
  [1m[35m (0.5ms)[0m  [1m[35mALTER TABLE "species" ADD "image_url" varchar[0m
  [1m[36mActiveRecord::SchemaMigration Create (0.2ms)[0m  [1m[32mINSERT INTO "schema_migrations" ("version") VALUES (?)[0m  [["version", "20210126041215"]]
  [1m[36mTRANSACTION (3.4ms)[0m  [1m[36mcommit transaction[0m
  [1m[36mActiveRecord::InternalMetadata Load (0.3ms)[0m  [1m[34mSELECT "ar_internal_metadata".* FROM "ar_internal_metadata" WHERE "ar_internal_metadata"."key" = ? LIMIT ?[0m  [["key", "environment"], ["LIMIT", 1]]
  [1m[36mTRANSACTION (0.1ms)[0m  [1m[36mbegin transaction[0m
  [1m[36mActiveRecord::InternalMetadata Create (0.5ms)[0m  [1m[32mINSERT INTO "ar_internal_metadata" ("key", "value", "created_at", "updated_at") VALUES (?, ?, ?, ?)[0m  [["key", "environment"], ["value", "development"], ["created_at", "2021-01-26 04:17:20.707141"], ["updated_at", "2021-01-26 04:17:20.707141"]]
  [1m[36mTRANSACTION (2.2ms)[0m  [1m[36mcommit transaction[0m
  [1m[35m (0.1ms)[0m  [1m[34mSELECT sqlite_version(*)[0m
  [1m[35m (0.2ms)[0m  [1m[34mSELECT "schema_migrations"."version" FROM "schema_migrations" ORDER BY "schema_migrations"."version" ASC[0m
  [1m[35m (2.0ms)[0m  [1m[34mSELECT sqlite_version(*)[0m
  [1m[35m (0.2ms)[0m  [1m[34mSELECT "schema_migrations"."version" FROM "schema_migrations" ORDER BY "schema_migrations"."version" ASC[0m
  [1m[35m (0.1ms)[0m  [1m[34mSELECT sqlite_version(*)[0m
  [1m[36mTRANSACTION (0.1ms)[0m  [1m[36mbegin transaction[0m
  [1m[36mUser Create (1.6ms)[0m  [1m[32mINSERT INTO "users" ("username", "email", "password", "description", "image_url", "created_at", "updated_at") VALUES (?, ?, ?, ?, ?, ?, ?)[0m  [["username", "ihposey"], ["email", "ihposey@icloud.com"], ["password", "1234"], ["description", "Here to save some animals!"], ["image_url", "https://media.phish.net/hotdog.png"], ["created_at", "2021-01-26 04:17:27.574168"], ["updated_at", "2021-01-26 04:17:27.574168"]]
  [1m[36mTRANSACTION (1.6ms)[0m  [1m[36mcommit transaction[0m
  [1m[36mTRANSACTION (0.1ms)[0m  [1m[36mbegin transaction[0m
  [1m[36mSpecies Create (0.5ms)[0m  [1m[32mINSERT INTO "species" ("name", "latin_name", "status", "habitats", "population", "description", "created_at", "updated_at", "image_url") VALUES (?, ?, ?, ?, ?, ?, ?, ?, ?)[0m  [["name", "Amur Leopard"], ["latin_name", "Panthera pardus orientalis"], ["status", "Critically Endangered"], ["habitats", "Temperate/Mixed Forests(East Asia)"], ["population", "84+"], ["description", "This Beatiful Cat is highly important from and ecological and cultural standpoint. Other species thrive in their habitats."], ["created_at", "2021-01-26 04:17:27.665097"], ["updated_at", "2021-01-26 04:17:27.665097"], ["image_url", "https://s3.amazonaws.com/images.hamlethub.com/hh20mediafolder/1076/202005/Screen-Shot-2020-05-15-at-4.21.06-PM-1589574178.png"]]
  [1m[36mTRANSACTION (1.5ms)[0m  [1m[36mcommit transaction[0m
  [1m[35m (1.9ms)[0m  [1m[34mSELECT sqlite_version(*)[0m
  [1m[36mUser Load (0.6ms)[0m  [1m[34mSELECT "users".* FROM "users" /* loading for inspect */ LIMIT ?[0m  [["LIMIT", 11]]
  [1m[36mSpecies Load (1.2ms)[0m  [1m[34mSELECT "species".* FROM "species" /* loading for inspect */ LIMIT ?[0m  [["LIMIT", 11]]
Started GET "/users/" for ::1 at 2021-01-25 20:22:30 -0800
  [1m[35m (5.6ms)[0m  [1m[34mSELECT sqlite_version(*)[0m
  [1m[35m (1.4ms)[0m  [1m[34mSELECT "schema_migrations"."version" FROM "schema_migrations" ORDER BY "schema_migrations"."version" ASC[0m
Processing by UsersController#index as HTML
  [1m[36mUser Load (1.6ms)[0m  [1m[34mSELECT "users".* FROM "users"[0m
  ↳ app/controllers/users_controller.rb:4:in `index'
Completed 200 OK in 63ms (Views: 16.7ms | ActiveRecord: 3.0ms | Allocations: 10790)


Started GET "/favicon.ico" for ::1 at 2021-01-25 20:22:31 -0800
  
ActionController::RoutingError (No route matches [GET] "/favicon.ico"):
  
Started GET "/species" for ::1 at 2021-01-25 20:22:40 -0800
Processing by SpeciesController#index as HTML
Completed 204 No Content in 0ms (ActiveRecord: 0.0ms | Allocations: 67)


Started GET "/species" for ::1 at 2021-01-25 20:22:46 -0800
Processing by SpeciesController#index as HTML
Completed 204 No Content in 0ms (ActiveRecord: 0.0ms | Allocations: 28)


Started GET "/species" for ::1 at 2021-01-25 20:23:18 -0800
Processing by SpeciesController#index as HTML
  [1m[35m (0.1ms)[0m  [1m[34mSELECT sqlite_version(*)[0m
  ↳ app/controllers/species_controller.rb:4:in `index'
  [1m[36mSpecies Load (1.7ms)[0m  [1m[34mSELECT "species".* FROM "species"[0m
  ↳ app/controllers/species_controller.rb:4:in `index'
Completed 200 OK in 37ms (Views: 31.5ms | ActiveRecord: 4.3ms | Allocations: 8597)


Started GET "/species" for ::1 at 2021-01-25 20:27:35 -0800
Processing by SpeciesController#index as HTML
  [1m[36mSpecies Load (0.7ms)[0m  [1m[34mSELECT "species".* FROM "species"[0m
  ↳ app/controllers/species_controller.rb:4:in `index'
Completed 200 OK in 67ms (Views: 65.4ms | ActiveRecord: 0.7ms | Allocations: 778)


Started GET "/species" for ::1 at 2021-01-25 20:56:34 -0800
  [1m[35m (6.3ms)[0m  [1m[34mSELECT sqlite_version(*)[0m
  [1m[35m (1.5ms)[0m  [1m[34mSELECT "schema_migrations"."version" FROM "schema_migrations" ORDER BY "schema_migrations"."version" ASC[0m
Processing by SpeciesController#index as HTML
  [1m[36mSpecies Load (4.7ms)[0m  [1m[34mSELECT "species".* FROM "species"[0m
  ↳ app/controllers/species_controller.rb:4:in `index'
Completed 200 OK in 172ms (Views: 42.3ms | ActiveRecord: 24.5ms | Allocations: 10815)


Started GET "/users" for ::1 at 2021-01-25 21:04:26 -0800
Processing by UsersController#index as HTML
  [1m[35m (0.6ms)[0m  [1m[34mSELECT sqlite_version(*)[0m
  ↳ app/controllers/users_controller.rb:4:in `index'
  [1m[36mUser Load (2.5ms)[0m  [1m[34mSELECT "users".* FROM "users"[0m
  ↳ app/controllers/users_controller.rb:4:in `index'
Completed 200 OK in 248ms (Views: 153.5ms | ActiveRecord: 6.6ms | Allocations: 7068)


Started GET "/species" for ::1 at 2021-01-25 21:24:34 -0800
  [1m[35m (8.0ms)[0m  [1m[34mSELECT sqlite_version(*)[0m
  [1m[35m (2.3ms)[0m  [1m[34mSELECT "schema_migrations"."version" FROM "schema_migrations" ORDER BY "schema_migrations"."version" ASC[0m
Processing by SpeciesController#index as */*
  [1m[36mSpecies Load (23.3ms)[0m  [1m[34mSELECT "species".* FROM "species"[0m
  ↳ app/controllers/species_controller.rb:4:in `index'
Completed 200 OK in 217ms (Views: 69.1ms | ActiveRecord: 27.7ms | Allocations: 10818)


Started GET "/species" for ::1 at 2021-01-25 21:26:14 -0800
  [1m[35m (7.5ms)[0m  [1m[34mSELECT sqlite_version(*)[0m
  [1m[35m (1.5ms)[0m  [1m[34mSELECT "schema_migrations"."version" FROM "schema_migrations" ORDER BY "schema_migrations"."version" ASC[0m
Processing by SpeciesController#index as */*
  [1m[36mSpecies Load (5.9ms)[0m  [1m[34mSELECT "species".* FROM "species"[0m
  ↳ app/controllers/species_controller.rb:4:in `index'
Completed 200 OK in 105ms (Views: 43.2ms | ActiveRecord: 7.1ms | Allocations: 10821)


Started GET "/species" for ::1 at 2021-01-25 21:26:34 -0800
Processing by SpeciesController#index as */*
  [1m[36mSpecies Load (1.0ms)[0m  [1m[34mSELECT "species".* FROM "species"[0m
  ↳ app/controllers/species_controller.rb:4:in `index'
Completed 200 OK in 3ms (Views: 2.1ms | ActiveRecord: 1.0ms | Allocations: 798)


Started GET "/species" for ::1 at 2021-01-25 21:27:02 -0800
Processing by SpeciesController#index as */*
  [1m[36mSpecies Load (0.2ms)[0m  [1m[34mSELECT "species".* FROM "species"[0m
  ↳ app/controllers/species_controller.rb:4:in `index'
Completed 200 OK in 3ms (Views: 2.6ms | ActiveRecord: 0.2ms | Allocations: 798)


Started GET "/species" for ::1 at 2021-01-25 21:27:31 -0800
Processing by SpeciesController#index as */*
  [1m[36mSpecies Load (0.2ms)[0m  [1m[34mSELECT "species".* FROM "species"[0m
  ↳ app/controllers/species_controller.rb:4:in `index'
Completed 200 OK in 3ms (Views: 2.9ms | ActiveRecord: 0.2ms | Allocations: 798)


Started GET "/species" for ::1 at 2021-01-25 21:28:56 -0800
Processing by SpeciesController#index as */*
  [1m[36mSpecies Load (0.2ms)[0m  [1m[34mSELECT "species".* FROM "species"[0m
  ↳ app/controllers/species_controller.rb:4:in `index'
Completed 200 OK in 2ms (Views: 1.7ms | ActiveRecord: 0.2ms | Allocations: 798)


Started GET "/species" for ::1 at 2021-01-25 21:36:22 -0800
Processing by SpeciesController#index as */*
  [1m[35m (0.1ms)[0m  [1m[34mSELECT sqlite_version(*)[0m
  ↳ app/controllers/species_controller.rb:4:in `index'
  [1m[36mSpecies Load (1.4ms)[0m  [1m[34mSELECT "species".* FROM "species"[0m
  ↳ app/controllers/species_controller.rb:4:in `index'
Completed 200 OK in 7ms (Views: 6.8ms | ActiveRecord: 2.1ms | Allocations: 1368)


Started GET "/species" for ::1 at 2021-01-25 21:36:52 -0800
  [1m[35m (3.1ms)[0m  [1m[34mSELECT sqlite_version(*)[0m
  [1m[35m (1.3ms)[0m  [1m[34mSELECT "schema_migrations"."version" FROM "schema_migrations" ORDER BY "schema_migrations"."version" ASC[0m
Processing by SpeciesController#index as */*
  [1m[36mSpecies Load (1.6ms)[0m  [1m[34mSELECT "species".* FROM "species"[0m
  ↳ app/controllers/species_controller.rb:4:in `index'
Completed 200 OK in 83ms (Views: 35.5ms | ActiveRecord: 7.5ms | Allocations: 10820)


Started GET "/species" for ::1 at 2021-01-25 21:37:40 -0800
Processing by SpeciesController#index as */*
  [1m[36mSpecies Load (0.2ms)[0m  [1m[34mSELECT "species".* FROM "species"[0m
  ↳ app/controllers/species_controller.rb:4:in `index'
Completed 200 OK in 5ms (Views: 4.5ms | ActiveRecord: 0.2ms | Allocations: 798)


Started GET "/species" for ::1 at 2021-01-25 21:37:41 -0800
Processing by SpeciesController#index as */*
  [1m[36mSpecies Load (0.2ms)[0m  [1m[34mSELECT "species".* FROM "species"[0m
  ↳ app/controllers/species_controller.rb:4:in `index'
Completed 200 OK in 5ms (Views: 4.1ms | ActiveRecord: 0.2ms | Allocations: 798)


Started GET "/species" for ::1 at 2021-01-25 21:37:43 -0800
Processing by SpeciesController#index as */*
  [1m[36mSpecies Load (0.3ms)[0m  [1m[34mSELECT "species".* FROM "species"[0m
  ↳ app/controllers/species_controller.rb:4:in `index'
Completed 200 OK in 6ms (Views: 5.8ms | ActiveRecord: 0.3ms | Allocations: 798)


Started GET "/species" for ::1 at 2021-01-25 21:37:59 -0800
Processing by SpeciesController#index as HTML
  [1m[36mSpecies Load (0.1ms)[0m  [1m[34mSELECT "species".* FROM "species"[0m
  ↳ app/controllers/species_controller.rb:4:in `index'
Completed 200 OK in 2ms (Views: 1.6ms | ActiveRecord: 0.1ms | Allocations: 777)


Started GET "/species" for ::1 at 2021-01-25 21:38:04 -0800
Processing by SpeciesController#index as HTML
  [1m[36mSpecies Load (0.2ms)[0m  [1m[34mSELECT "species".* FROM "species"[0m
  ↳ app/controllers/species_controller.rb:4:in `index'
Completed 200 OK in 10ms (Views: 8.1ms | ActiveRecord: 0.2ms | Allocations: 776)


  [1m[35m (2.1ms)[0m  [1m[34mSELECT sqlite_version(*)[0m
  [1m[35m (3.1ms)[0m  [1m[34mSELECT "schema_migrations"."version" FROM "schema_migrations" ORDER BY "schema_migrations"."version" ASC[0m
  [1m[35m (0.1ms)[0m  [1m[34mSELECT sqlite_version(*)[0m
  [1m[36mTRANSACTION (0.1ms)[0m  [1m[36mbegin transaction[0m
  [1m[36mUser Create (2.0ms)[0m  [1m[32mINSERT INTO "users" ("username", "email", "password", "description", "image_url", "created_at", "updated_at") VALUES (?, ?, ?, ?, ?, ?, ?)[0m  [["username", "ihposey"], ["email", "ihposey@icloud.com"], ["password", "1234"], ["description", "Here to save some animals!"], ["image_url", "https://media.phish.net/hotdog.png"], ["created_at", "2021-01-26 05:38:16.739255"], ["updated_at", "2021-01-26 05:38:16.739255"]]
  [1m[36mTRANSACTION (1.9ms)[0m  [1m[36mcommit transaction[0m
  [1m[36mTRANSACTION (0.1ms)[0m  [1m[36mbegin transaction[0m
  [1m[36mSpecies Create (1.7ms)[0m  [1m[32mINSERT INTO "species" ("name", "latin_name", "status", "habitats", "population", "description", "created_at", "updated_at", "image_url") VALUES (?, ?, ?, ?, ?, ?, ?, ?, ?)[0m  [["name", "Amur Leopard"], ["latin_name", "Panthera pardus orientalis"], ["status", "Critically Endangered"], ["habitats", "Temperate/Mixed Forests(East Asia)"], ["population", "84+"], ["description", "This Beatiful Cat is highly important from and ecological and cultural standpoint. Other species thrive in their habitats."], ["created_at", "2021-01-26 05:38:16.764307"], ["updated_at", "2021-01-26 05:38:16.764307"], ["image_url", "https://s3.amazonaws.com/images.hamlethub.com/hh20mediafolder/1076/202005/Screen-Shot-2020-05-15-at-4.21.06-PM-1589574178.png"]]
  [1m[36mTRANSACTION (1.9ms)[0m  [1m[36mcommit transaction[0m
  [1m[36mTRANSACTION (0.1ms)[0m  [1m[36mbegin transaction[0m
  [1m[36mSpecies Create (0.5ms)[0m  [1m[32mINSERT INTO "species" ("name", "latin_name", "status", "habitats", "population", "description", "created_at", "updated_at", "image_url") VALUES (?, ?, ?, ?, ?, ?, ?, ?, ?)[0m  [["name", "Black Rhino"], ["latin_name", "Diceros bicornis"], ["status", "Critically Endangered"], ["habitats", "Semi-Desert Savannah, Woodlands, Forests, Wetlands"], ["population", "5600+"], ["description", "Rhinos are some of the oldest mammals on the planet. Rhinos play a huge part in tourism in Namibia."], ["created_at", "2021-01-26 05:38:16.771720"], ["updated_at", "2021-01-26 05:38:16.771720"], ["image_url", "https://lh3.googleusercontent.com/proxy/S7KID4qMjEoPwUyY0umlC5PEKitkIeIkiUPUzWdMPjaefizN_ibpV1OS_K5HLGCqeinu_2F7qGcoe8esQ8VEkdlj4jht206mmfmK2JvQGTSmhay1eJiNKpvcMUhHhTh5yyNAJw_TZIzym-TeJAH5BmZAQ_4alRagGJUZqkykWQxax8Gj_AXvUq4IgcheqQrDhVGSGRnH8NhL"]]
  [1m[36mTRANSACTION (2.0ms)[0m  [1m[36mcommit transaction[0m
Started GET "/species" for ::1 at 2021-01-25 21:38:32 -0800
  [1m[35m (3.0ms)[0m  [1m[34mSELECT sqlite_version(*)[0m
  [1m[35m (0.9ms)[0m  [1m[34mSELECT "schema_migrations"."version" FROM "schema_migrations" ORDER BY "schema_migrations"."version" ASC[0m
Processing by SpeciesController#index as HTML
  [1m[36mSpecies Load (1.7ms)[0m  [1m[34mSELECT "species".* FROM "species"[0m
  ↳ app/controllers/species_controller.rb:4:in `index'
Completed 200 OK in 178ms (Views: 87.4ms | ActiveRecord: 6.2ms | Allocations: 11201)


Started GET "/species" for ::1 at 2021-01-25 21:38:42 -0800
Processing by SpeciesController#index as */*
  [1m[36mSpecies Load (0.2ms)[0m  [1m[34mSELECT "species".* FROM "species"[0m
  ↳ app/controllers/species_controller.rb:4:in `index'
Completed 200 OK in 2ms (Views: 1.8ms | ActiveRecord: 0.2ms | Allocations: 1183)


Started GET "/species" for ::1 at 2021-01-25 21:39:58 -0800
Processing by SpeciesController#index as */*
  [1m[36mSpecies Load (0.2ms)[0m  [1m[34mSELECT "species".* FROM "species"[0m
  ↳ app/controllers/species_controller.rb:4:in `index'
Completed 200 OK in 3ms (Views: 1.8ms | ActiveRecord: 0.2ms | Allocations: 1182)


Started GET "/species" for ::1 at 2021-01-25 21:42:24 -0800
Processing by SpeciesController#index as */*
  [1m[36mSpecies Load (0.2ms)[0m  [1m[34mSELECT "species".* FROM "species"[0m
  ↳ app/controllers/species_controller.rb:4:in `index'
Completed 200 OK in 2ms (Views: 1.9ms | ActiveRecord: 0.2ms | Allocations: 1182)


Started GET "/species" for ::1 at 2021-01-25 21:42:53 -0800
Processing by SpeciesController#index as */*
  [1m[36mSpecies Load (0.2ms)[0m  [1m[34mSELECT "species".* FROM "species"[0m
  ↳ app/controllers/species_controller.rb:4:in `index'
Completed 200 OK in 4ms (Views: 2.8ms | ActiveRecord: 0.2ms | Allocations: 1164)


Started GET "/species" for ::1 at 2021-01-25 21:42:54 -0800
Processing by SpeciesController#index as */*
  [1m[36mSpecies Load (0.5ms)[0m  [1m[34mSELECT "species".* FROM "species"[0m
  ↳ app/controllers/species_controller.rb:4:in `index'
Completed 200 OK in 11ms (Views: 9.5ms | ActiveRecord: 0.5ms | Allocations: 1164)


Started GET "/species" for ::1 at 2021-01-25 21:42:55 -0800
Processing by SpeciesController#index as */*
  [1m[36mSpecies Load (0.2ms)[0m  [1m[34mSELECT "species".* FROM "species"[0m
  ↳ app/controllers/species_controller.rb:4:in `index'
Completed 200 OK in 3ms (Views: 2.6ms | ActiveRecord: 0.2ms | Allocations: 1164)


Started GET "/species" for ::1 at 2021-01-25 21:43:02 -0800
Processing by SpeciesController#index as */*
  [1m[36mSpecies Load (0.2ms)[0m  [1m[34mSELECT "species".* FROM "species"[0m
  ↳ app/controllers/species_controller.rb:4:in `index'
Completed 200 OK in 4ms (Views: 3.4ms | ActiveRecord: 0.2ms | Allocations: 1164)


Started GET "/species" for ::1 at 2021-01-25 21:43:18 -0800
Processing by SpeciesController#index as */*
  [1m[36mSpecies Load (0.2ms)[0m  [1m[34mSELECT "species".* FROM "species"[0m
  ↳ app/controllers/species_controller.rb:4:in `index'
Completed 200 OK in 3ms (Views: 2.1ms | ActiveRecord: 0.2ms | Allocations: 1182)


Started GET "/species" for ::1 at 2021-01-25 21:43:19 -0800
Processing by SpeciesController#index as */*
  [1m[36mSpecies Load (0.2ms)[0m  [1m[34mSELECT "species".* FROM "species"[0m
  ↳ app/controllers/species_controller.rb:4:in `index'
Completed 200 OK in 2ms (Views: 1.9ms | ActiveRecord: 0.2ms | Allocations: 1164)


Started GET "/species" for ::1 at 2021-01-25 21:43:20 -0800
Processing by SpeciesController#index as */*
  [1m[36mSpecies Load (0.2ms)[0m  [1m[34mSELECT "species".* FROM "species"[0m
  ↳ app/controllers/species_controller.rb:4:in `index'
Completed 200 OK in 5ms (Views: 4.1ms | ActiveRecord: 0.2ms | Allocations: 1164)


Started GET "/species" for ::1 at 2021-01-25 21:43:21 -0800
Processing by SpeciesController#index as */*
  [1m[36mSpecies Load (0.3ms)[0m  [1m[34mSELECT "species".* FROM "species"[0m
  ↳ app/controllers/species_controller.rb:4:in `index'
Completed 200 OK in 4ms (Views: 3.3ms | ActiveRecord: 0.3ms | Allocations: 1164)


Started GET "/species" for ::1 at 2021-01-25 21:44:22 -0800
Processing by SpeciesController#index as */*
  [1m[36mSpecies Load (0.1ms)[0m  [1m[34mSELECT "species".* FROM "species"[0m
  ↳ app/controllers/species_controller.rb:4:in `index'
Completed 200 OK in 3ms (Views: 2.5ms | ActiveRecord: 0.1ms | Allocations: 1164)


Started GET "/species" for ::1 at 2021-01-25 21:44:23 -0800
Processing by SpeciesController#index as */*
  [1m[36mSpecies Load (0.2ms)[0m  [1m[34mSELECT "species".* FROM "species"[0m
  ↳ app/controllers/species_controller.rb:4:in `index'
Completed 200 OK in 4ms (Views: 3.5ms | ActiveRecord: 0.2ms | Allocations: 1164)


Started GET "/species" for ::1 at 2021-01-25 21:44:35 -0800
Processing by SpeciesController#index as */*
  [1m[36mSpecies Load (0.2ms)[0m  [1m[34mSELECT "species".* FROM "species"[0m
  ↳ app/controllers/species_controller.rb:4:in `index'
Completed 200 OK in 2ms (Views: 1.8ms | ActiveRecord: 0.2ms | Allocations: 1164)


Started GET "/species" for ::1 at 2021-01-25 21:44:36 -0800
Processing by SpeciesController#index as */*
  [1m[36mSpecies Load (7.3ms)[0m  [1m[34mSELECT "species".* FROM "species"[0m
  ↳ app/controllers/species_controller.rb:4:in `index'
Completed 200 OK in 12ms (Views: 4.5ms | ActiveRecord: 7.3ms | Allocations: 1164)


Started GET "/species" for ::1 at 2021-01-25 21:44:37 -0800
Processing by SpeciesController#index as */*
  [1m[36mSpecies Load (0.2ms)[0m  [1m[34mSELECT "species".* FROM "species"[0m
  ↳ app/controllers/species_controller.rb:4:in `index'
Completed 200 OK in 2ms (Views: 1.8ms | ActiveRecord: 0.2ms | Allocations: 1164)


Started GET "/species" for ::1 at 2021-01-25 21:44:37 -0800
Processing by SpeciesController#index as */*
  [1m[36mSpecies Load (0.2ms)[0m  [1m[34mSELECT "species".* FROM "species"[0m
  ↳ app/controllers/species_controller.rb:4:in `index'
Completed 200 OK in 2ms (Views: 1.9ms | ActiveRecord: 0.2ms | Allocations: 1164)


Started GET "/species" for ::1 at 2021-01-25 21:44:38 -0800
Processing by SpeciesController#index as */*
  [1m[36mSpecies Load (0.2ms)[0m  [1m[34mSELECT "species".* FROM "species"[0m
  ↳ app/controllers/species_controller.rb:4:in `index'
Completed 200 OK in 4ms (Views: 3.0ms | ActiveRecord: 0.2ms | Allocations: 1164)


Started GET "/species" for ::1 at 2021-01-25 21:46:28 -0800
Processing by SpeciesController#index as */*
  [1m[36mSpecies Load (0.2ms)[0m  [1m[34mSELECT "species".* FROM "species"[0m
  ↳ app/controllers/species_controller.rb:4:in `index'
Completed 200 OK in 3ms (Views: 2.2ms | ActiveRecord: 0.2ms | Allocations: 1164)


Started GET "/species" for ::1 at 2021-01-25 21:46:41 -0800
Processing by SpeciesController#index as */*
  [1m[36mSpecies Load (0.2ms)[0m  [1m[34mSELECT "species".* FROM "species"[0m
  ↳ app/controllers/species_controller.rb:4:in `index'
Completed 200 OK in 3ms (Views: 2.3ms | ActiveRecord: 0.2ms | Allocations: 1164)


Started GET "/species" for ::1 at 2021-01-25 21:47:13 -0800
Processing by SpeciesController#index as */*
  [1m[36mSpecies Load (0.3ms)[0m  [1m[34mSELECT "species".* FROM "species"[0m
  ↳ app/controllers/species_controller.rb:4:in `index'
Completed 200 OK in 4ms (Views: 3.3ms | ActiveRecord: 0.3ms | Allocations: 1164)


Started GET "/species" for ::1 at 2021-01-25 21:48:00 -0800
Processing by SpeciesController#index as */*
  [1m[36mSpecies Load (0.2ms)[0m  [1m[34mSELECT "species".* FROM "species"[0m
  ↳ app/controllers/species_controller.rb:4:in `index'
Completed 200 OK in 5ms (Views: 3.6ms | ActiveRecord: 0.2ms | Allocations: 1164)


Started GET "/species" for ::1 at 2021-01-25 21:49:24 -0800
Processing by SpeciesController#index as */*
  [1m[36mSpecies Load (0.3ms)[0m  [1m[34mSELECT "species".* FROM "species"[0m
  ↳ app/controllers/species_controller.rb:4:in `index'
Completed 200 OK in 4ms (Views: 3.0ms | ActiveRecord: 0.3ms | Allocations: 1164)


Started GET "/species" for ::1 at 2021-01-25 21:50:12 -0800
Processing by SpeciesController#index as */*
  [1m[36mSpecies Load (0.4ms)[0m  [1m[34mSELECT "species".* FROM "species"[0m
  ↳ app/controllers/species_controller.rb:4:in `index'
Completed 200 OK in 3ms (Views: 2.0ms | ActiveRecord: 0.4ms | Allocations: 1164)


Started GET "/species" for ::1 at 2021-01-25 21:51:22 -0800
Processing by SpeciesController#index as */*
  [1m[36mSpecies Load (0.2ms)[0m  [1m[34mSELECT "species".* FROM "species"[0m
  ↳ app/controllers/species_controller.rb:4:in `index'
Completed 200 OK in 3ms (Views: 2.3ms | ActiveRecord: 0.2ms | Allocations: 1164)


Started GET "/species" for ::1 at 2021-01-25 21:52:23 -0800
Processing by SpeciesController#index as */*
  [1m[36mSpecies Load (0.3ms)[0m  [1m[34mSELECT "species".* FROM "species"[0m
  ↳ app/controllers/species_controller.rb:4:in `index'
Completed 200 OK in 4ms (Views: 2.7ms | ActiveRecord: 0.3ms | Allocations: 1164)


Started GET "/species" for ::1 at 2021-01-25 21:53:19 -0800
Processing by SpeciesController#index as */*
  [1m[36mSpecies Load (0.3ms)[0m  [1m[34mSELECT "species".* FROM "species"[0m
  ↳ app/controllers/species_controller.rb:4:in `index'
Completed 200 OK in 8ms (Views: 7.2ms | ActiveRecord: 0.3ms | Allocations: 1164)


Started GET "/species" for ::1 at 2021-01-25 21:53:49 -0800
Processing by SpeciesController#index as */*
  [1m[36mSpecies Load (0.3ms)[0m  [1m[34mSELECT "species".* FROM "species"[0m
  ↳ app/controllers/species_controller.rb:4:in `index'
Completed 200 OK in 4ms (Views: 3.0ms | ActiveRecord: 0.3ms | Allocations: 1164)


Started GET "/species" for ::1 at 2021-01-25 21:54:32 -0800
Processing by SpeciesController#index as */*
  [1m[36mSpecies Load (0.2ms)[0m  [1m[34mSELECT "species".* FROM "species"[0m
  ↳ app/controllers/species_controller.rb:4:in `index'
Completed 200 OK in 3ms (Views: 2.7ms | ActiveRecord: 0.2ms | Allocations: 1164)


Started GET "/species" for ::1 at 2021-01-25 21:55:08 -0800
Processing by SpeciesController#index as */*
  [1m[36mSpecies Load (0.2ms)[0m  [1m[34mSELECT "species".* FROM "species"[0m
  ↳ app/controllers/species_controller.rb:4:in `index'
Completed 200 OK in 3ms (Views: 2.7ms | ActiveRecord: 0.2ms | Allocations: 1165)


Started GET "/species" for ::1 at 2021-01-25 21:55:30 -0800
Processing by SpeciesController#index as */*
  [1m[36mSpecies Load (0.5ms)[0m  [1m[34mSELECT "species".* FROM "species"[0m
  ↳ app/controllers/species_controller.rb:4:in `index'
Completed 200 OK in 30ms (Views: 28.9ms | ActiveRecord: 0.5ms | Allocations: 1164)


Started GET "/species" for ::1 at 2021-01-25 21:55:31 -0800
Processing by SpeciesController#index as */*
  [1m[36mSpecies Load (0.4ms)[0m  [1m[34mSELECT "species".* FROM "species"[0m
  ↳ app/controllers/species_controller.rb:4:in `index'
Completed 200 OK in 4ms (Views: 3.5ms | ActiveRecord: 0.4ms | Allocations: 1164)


Started GET "/species" for ::1 at 2021-01-25 21:55:37 -0800
Processing by SpeciesController#index as */*
  [1m[36mSpecies Load (0.2ms)[0m  [1m[34mSELECT "species".* FROM "species"[0m
  ↳ app/controllers/species_controller.rb:4:in `index'
Completed 200 OK in 3ms (Views: 2.6ms | ActiveRecord: 0.2ms | Allocations: 1164)


Started GET "/species" for ::1 at 2021-01-25 21:55:38 -0800
Processing by SpeciesController#index as */*
  [1m[36mSpecies Load (0.2ms)[0m  [1m[34mSELECT "species".* FROM "species"[0m
  ↳ app/controllers/species_controller.rb:4:in `index'
Completed 200 OK in 3ms (Views: 2.2ms | ActiveRecord: 0.2ms | Allocations: 1164)


Started GET "/species" for ::1 at 2021-01-25 21:55:40 -0800
Processing by SpeciesController#index as */*
  [1m[36mSpecies Load (0.2ms)[0m  [1m[34mSELECT "species".* FROM "species"[0m
  ↳ app/controllers/species_controller.rb:4:in `index'
Completed 200 OK in 10ms (Views: 9.6ms | ActiveRecord: 0.2ms | Allocations: 1164)


Started GET "/species" for ::1 at 2021-01-25 21:55:41 -0800
Processing by SpeciesController#index as */*
  [1m[36mSpecies Load (0.2ms)[0m  [1m[34mSELECT "species".* FROM "species"[0m
  ↳ app/controllers/species_controller.rb:4:in `index'
Completed 200 OK in 6ms (Views: 5.0ms | ActiveRecord: 0.2ms | Allocations: 1164)


Started GET "/species" for ::1 at 2021-01-25 21:55:51 -0800
Processing by SpeciesController#index as */*
  [1m[36mSpecies Load (0.2ms)[0m  [1m[34mSELECT "species".* FROM "species"[0m
  ↳ app/controllers/species_controller.rb:4:in `index'
Completed 200 OK in 3ms (Views: 2.6ms | ActiveRecord: 0.2ms | Allocations: 1164)


Started GET "/species" for ::1 at 2021-01-25 21:55:53 -0800
Processing by SpeciesController#index as */*
  [1m[36mSpecies Load (0.3ms)[0m  [1m[34mSELECT "species".* FROM "species"[0m
  ↳ app/controllers/species_controller.rb:4:in `index'
Completed 200 OK in 3ms (Views: 2.9ms | ActiveRecord: 0.3ms | Allocations: 1164)


Started GET "/species" for ::1 at 2021-01-25 21:55:57 -0800
Processing by SpeciesController#index as */*
  [1m[36mSpecies Load (0.3ms)[0m  [1m[34mSELECT "species".* FROM "species"[0m
  ↳ app/controllers/species_controller.rb:4:in `index'
Completed 200 OK in 3ms (Views: 2.1ms | ActiveRecord: 0.3ms | Allocations: 1164)


Started GET "/species" for ::1 at 2021-01-25 21:56:55 -0800
Processing by SpeciesController#index as */*
  [1m[36mSpecies Load (0.3ms)[0m  [1m[34mSELECT "species".* FROM "species"[0m
  ↳ app/controllers/species_controller.rb:4:in `index'
Completed 200 OK in 4ms (Views: 3.1ms | ActiveRecord: 0.3ms | Allocations: 1164)


Started GET "/species" for ::1 at 2021-01-25 21:56:57 -0800
Processing by SpeciesController#index as */*
  [1m[36mSpecies Load (0.2ms)[0m  [1m[34mSELECT "species".* FROM "species"[0m
  ↳ app/controllers/species_controller.rb:4:in `index'
Completed 200 OK in 5ms (Views: 4.2ms | ActiveRecord: 0.2ms | Allocations: 1164)


Started GET "/species" for ::1 at 2021-01-25 21:57:35 -0800
Processing by SpeciesController#index as */*
  [1m[36mSpecies Load (0.3ms)[0m  [1m[34mSELECT "species".* FROM "species"[0m
  ↳ app/controllers/species_controller.rb:4:in `index'
Completed 200 OK in 4ms (Views: 3.5ms | ActiveRecord: 0.3ms | Allocations: 1164)


Started GET "/species" for ::1 at 2021-01-25 21:57:47 -0800
Processing by SpeciesController#index as */*
  [1m[36mSpecies Load (1.8ms)[0m  [1m[34mSELECT "species".* FROM "species"[0m
  ↳ app/controllers/species_controller.rb:4:in `index'
Completed 200 OK in 7ms (Views: 5.1ms | ActiveRecord: 1.8ms | Allocations: 1164)


Started GET "/species" for ::1 at 2021-01-25 21:59:42 -0800
Processing by SpeciesController#index as */*
  [1m[36mSpecies Load (0.2ms)[0m  [1m[34mSELECT "species".* FROM "species"[0m
  ↳ app/controllers/species_controller.rb:4:in `index'
Completed 200 OK in 2ms (Views: 1.9ms | ActiveRecord: 0.2ms | Allocations: 1164)


Started GET "/species" for ::1 at 2021-01-25 22:00:44 -0800
Processing by SpeciesController#index as */*
  [1m[36mSpecies Load (0.2ms)[0m  [1m[34mSELECT "species".* FROM "species"[0m
  ↳ app/controllers/species_controller.rb:4:in `index'
Completed 200 OK in 3ms (Views: 2.3ms | ActiveRecord: 0.2ms | Allocations: 1164)


Started GET "/species" for ::1 at 2021-01-25 22:00:46 -0800
Processing by SpeciesController#index as */*
  [1m[36mSpecies Load (0.9ms)[0m  [1m[34mSELECT "species".* FROM "species"[0m
  ↳ app/controllers/species_controller.rb:4:in `index'
Completed 200 OK in 10ms (Views: 8.6ms | ActiveRecord: 0.9ms | Allocations: 1164)


Started GET "/species" for ::1 at 2021-01-25 22:02:37 -0800
Processing by SpeciesController#index as */*
  [1m[36mSpecies Load (0.2ms)[0m  [1m[34mSELECT "species".* FROM "species"[0m
  ↳ app/controllers/species_controller.rb:4:in `index'
Completed 200 OK in 4ms (Views: 2.7ms | ActiveRecord: 0.2ms | Allocations: 1164)


Started GET "/species" for ::1 at 2021-01-25 22:06:35 -0800
Processing by SpeciesController#index as */*
  [1m[36mSpecies Load (0.2ms)[0m  [1m[34mSELECT "species".* FROM "species"[0m
  ↳ app/controllers/species_controller.rb:4:in `index'
Completed 200 OK in 4ms (Views: 3.5ms | ActiveRecord: 0.2ms | Allocations: 1164)


Started GET "/species" for ::1 at 2021-01-25 22:23:20 -0800
Processing by SpeciesController#index as */*
  [1m[35m (0.2ms)[0m  [1m[34mSELECT sqlite_version(*)[0m
  ↳ app/controllers/species_controller.rb:4:in `index'
  [1m[36mSpecies Load (0.3ms)[0m  [1m[34mSELECT "species".* FROM "species"[0m
  ↳ app/controllers/species_controller.rb:4:in `index'
Completed 200 OK in 9ms (Views: 8.4ms | ActiveRecord: 1.7ms | Allocations: 1751)


Started GET "/species" for ::1 at 2021-01-25 22:23:51 -0800
Processing by SpeciesController#index as */*
  [1m[36mSpecies Load (0.3ms)[0m  [1m[34mSELECT "species".* FROM "species"[0m
  ↳ app/controllers/species_controller.rb:4:in `index'
Completed 200 OK in 4ms (Views: 3.1ms | ActiveRecord: 0.3ms | Allocations: 1164)


Started GET "/species" for ::1 at 2021-01-25 22:24:09 -0800
Processing by SpeciesController#index as */*
  [1m[36mSpecies Load (0.3ms)[0m  [1m[34mSELECT "species".* FROM "species"[0m
  ↳ app/controllers/species_controller.rb:4:in `index'
Completed 200 OK in 5ms (Views: 4.0ms | ActiveRecord: 0.3ms | Allocations: 1164)


Started GET "/species" for ::1 at 2021-01-25 22:24:35 -0800
Processing by SpeciesController#index as */*
  [1m[36mSpecies Load (0.1ms)[0m  [1m[34mSELECT "species".* FROM "species"[0m
  ↳ app/controllers/species_controller.rb:4:in `index'
Completed 200 OK in 2ms (Views: 1.7ms | ActiveRecord: 0.1ms | Allocations: 1164)


Started GET "/species" for ::1 at 2021-01-25 22:25:31 -0800
Processing by SpeciesController#index as */*
  [1m[36mSpecies Load (0.3ms)[0m  [1m[34mSELECT "species".* FROM "species"[0m
  ↳ app/controllers/species_controller.rb:4:in `index'
Completed 200 OK in 3ms (Views: 2.6ms | ActiveRecord: 0.3ms | Allocations: 1164)


Started GET "/species" for ::1 at 2021-01-25 22:25:43 -0800
Processing by SpeciesController#index as */*
  [1m[36mSpecies Load (0.4ms)[0m  [1m[34mSELECT "species".* FROM "species"[0m
  ↳ app/controllers/species_controller.rb:4:in `index'
Completed 200 OK in 4ms (Views: 3.5ms | ActiveRecord: 0.4ms | Allocations: 1164)


Started GET "/species" for ::1 at 2021-01-25 22:42:48 -0800
Processing by SpeciesController#index as */*
  [1m[35m (0.5ms)[0m  [1m[34mSELECT sqlite_version(*)[0m
  ↳ app/controllers/species_controller.rb:4:in `index'
  [1m[36mSpecies Load (0.2ms)[0m  [1m[34mSELECT "species".* FROM "species"[0m
  ↳ app/controllers/species_controller.rb:4:in `index'
Completed 200 OK in 10ms (Views: 9.9ms | ActiveRecord: 1.0ms | Allocations: 1752)


Started GET "/species" for ::1 at 2021-01-25 22:43:21 -0800
Processing by SpeciesController#index as */*
  [1m[36mSpecies Load (0.2ms)[0m  [1m[34mSELECT "species".* FROM "species"[0m
  ↳ app/controllers/species_controller.rb:4:in `index'
Completed 200 OK in 3ms (Views: 2.3ms | ActiveRecord: 0.2ms | Allocations: 1164)


Started GET "/species" for ::1 at 2021-01-25 22:44:28 -0800
Processing by SpeciesController#index as */*
  [1m[36mSpecies Load (0.3ms)[0m  [1m[34mSELECT "species".* FROM "species"[0m
  ↳ app/controllers/species_controller.rb:4:in `index'
Completed 200 OK in 4ms (Views: 3.2ms | ActiveRecord: 0.3ms | Allocations: 1164)


Started GET "/species" for ::1 at 2021-01-25 22:44:50 -0800
Processing by SpeciesController#index as */*
  [1m[36mSpecies Load (0.2ms)[0m  [1m[34mSELECT "species".* FROM "species"[0m
  ↳ app/controllers/species_controller.rb:4:in `index'
Completed 200 OK in 6ms (Views: 5.5ms | ActiveRecord: 0.2ms | Allocations: 1164)


Started GET "/species" for ::1 at 2021-01-25 22:45:25 -0800
Processing by SpeciesController#index as */*
  [1m[36mSpecies Load (1.9ms)[0m  [1m[34mSELECT "species".* FROM "species"[0m
  ↳ app/controllers/species_controller.rb:4:in `index'
Completed 200 OK in 5ms (Views: 2.5ms | ActiveRecord: 1.9ms | Allocations: 1164)


Started GET "/species" for ::1 at 2021-01-25 22:46:25 -0800
Processing by SpeciesController#index as */*
  [1m[36mSpecies Load (1.3ms)[0m  [1m[34mSELECT "species".* FROM "species"[0m
  ↳ app/controllers/species_controller.rb:4:in `index'
Completed 200 OK in 11ms (Views: 8.8ms | ActiveRecord: 1.3ms | Allocations: 1164)


Started GET "/species" for ::1 at 2021-01-25 22:46:36 -0800
Processing by SpeciesController#index as */*
  [1m[36mSpecies Load (0.3ms)[0m  [1m[34mSELECT "species".* FROM "species"[0m
  ↳ app/controllers/species_controller.rb:4:in `index'
Completed 200 OK in 5ms (Views: 4.3ms | ActiveRecord: 0.3ms | Allocations: 1164)


Started GET "/species" for ::1 at 2021-01-25 22:46:57 -0800
Processing by SpeciesController#index as */*
  [1m[36mSpecies Load (0.2ms)[0m  [1m[34mSELECT "species".* FROM "species"[0m
  ↳ app/controllers/species_controller.rb:4:in `index'
Completed 200 OK in 4ms (Views: 2.7ms | ActiveRecord: 0.2ms | Allocations: 1164)


Started GET "/species" for ::1 at 2021-01-25 22:47:13 -0800
Processing by SpeciesController#index as */*
  [1m[36mSpecies Load (0.3ms)[0m  [1m[34mSELECT "species".* FROM "species"[0m
  ↳ app/controllers/species_controller.rb:4:in `index'
Completed 200 OK in 4ms (Views: 3.3ms | ActiveRecord: 0.3ms | Allocations: 1164)


Started GET "/species" for ::1 at 2021-01-25 22:47:54 -0800
Processing by SpeciesController#index as */*
  [1m[36mSpecies Load (0.3ms)[0m  [1m[34mSELECT "species".* FROM "species"[0m
  ↳ app/controllers/species_controller.rb:4:in `index'
Completed 200 OK in 5ms (Views: 4.2ms | ActiveRecord: 0.3ms | Allocations: 1164)


Started GET "/species" for ::1 at 2021-01-25 22:47:57 -0800
Processing by SpeciesController#index as */*
  [1m[36mSpecies Load (0.2ms)[0m  [1m[34mSELECT "species".* FROM "species"[0m
  ↳ app/controllers/species_controller.rb:4:in `index'
Completed 200 OK in 4ms (Views: 3.4ms | ActiveRecord: 0.2ms | Allocations: 1164)


Started GET "/species" for ::1 at 2021-01-25 22:48:12 -0800
Processing by SpeciesController#index as */*
  [1m[36mSpecies Load (0.2ms)[0m  [1m[34mSELECT "species".* FROM "species"[0m
  ↳ app/controllers/species_controller.rb:4:in `index'
Completed 200 OK in 4ms (Views: 3.3ms | ActiveRecord: 0.2ms | Allocations: 1164)


Started GET "/species" for ::1 at 2021-01-25 22:48:34 -0800
Processing by SpeciesController#index as */*
  [1m[36mSpecies Load (0.3ms)[0m  [1m[34mSELECT "species".* FROM "species"[0m
  ↳ app/controllers/species_controller.rb:4:in `index'
Completed 200 OK in 4ms (Views: 3.2ms | ActiveRecord: 0.3ms | Allocations: 1164)


Started GET "/species" for ::1 at 2021-01-25 22:49:01 -0800
Processing by SpeciesController#index as */*
  [1m[36mSpecies Load (0.4ms)[0m  [1m[34mSELECT "species".* FROM "species"[0m
  ↳ app/controllers/species_controller.rb:4:in `index'
Completed 200 OK in 4ms (Views: 3.2ms | ActiveRecord: 0.4ms | Allocations: 1164)


Started GET "/species" for ::1 at 2021-01-25 22:49:52 -0800
Processing by SpeciesController#index as */*
  [1m[36mSpecies Load (0.2ms)[0m  [1m[34mSELECT "species".* FROM "species"[0m
  ↳ app/controllers/species_controller.rb:4:in `index'
Completed 200 OK in 5ms (Views: 3.6ms | ActiveRecord: 0.2ms | Allocations: 1165)


Started GET "/species" for ::1 at 2021-01-25 22:53:00 -0800
Processing by SpeciesController#index as */*
  [1m[36mSpecies Load (0.2ms)[0m  [1m[34mSELECT "species".* FROM "species"[0m
  ↳ app/controllers/species_controller.rb:4:in `index'
Completed 200 OK in 4ms (Views: 3.1ms | ActiveRecord: 0.2ms | Allocations: 1164)


Started GET "/species" for ::1 at 2021-01-26 10:30:18 -0800
  [1m[35m (6.1ms)[0m  [1m[34mSELECT sqlite_version(*)[0m
  [1m[35m (1.3ms)[0m  [1m[34mSELECT "schema_migrations"."version" FROM "schema_migrations" ORDER BY "schema_migrations"."version" ASC[0m
Processing by SpeciesController#index as */*
  [1m[36mSpecies Load (9.8ms)[0m  [1m[34mSELECT "species".* FROM "species"[0m
  ↳ app/controllers/species_controller.rb:4:in `index'
Completed 200 OK in 132ms (Views: 40.5ms | ActiveRecord: 11.8ms | Allocations: 11248)


Started GET "/species" for ::1 at 2021-01-26 10:32:13 -0800
Processing by SpeciesController#index as */*
  [1m[36mSpecies Load (0.2ms)[0m  [1m[34mSELECT "species".* FROM "species"[0m
  ↳ app/controllers/species_controller.rb:4:in `index'
Completed 200 OK in 7ms (Views: 4.7ms | ActiveRecord: 0.2ms | Allocations: 1182)


Started GET "/species" for ::1 at 2021-01-26 11:51:39 -0800
Processing by SpeciesController#index as */*
  [1m[35m (0.3ms)[0m  [1m[34mSELECT sqlite_version(*)[0m
  ↳ app/controllers/species_controller.rb:4:in `index'
  [1m[36mSpecies Load (3.6ms)[0m  [1m[34mSELECT "species".* FROM "species"[0m
  ↳ app/controllers/species_controller.rb:4:in `index'
Completed 200 OK in 284ms (Views: 216.9ms | ActiveRecord: 4.7ms | Allocations: 7942)


Started GET "/species" for ::1 at 2021-01-26 14:10:32 -0800
Processing by SpeciesController#index as */*
  [1m[35m (0.4ms)[0m  [1m[34mSELECT sqlite_version(*)[0m
  ↳ app/controllers/species_controller.rb:4:in `index'
  [1m[36mSpecies Load (5.3ms)[0m  [1m[34mSELECT "species".* FROM "species"[0m
  ↳ app/controllers/species_controller.rb:4:in `index'
Completed 200 OK in 110ms (Views: 68.0ms | ActiveRecord: 14.4ms | Allocations: 1770)


Started GET "/species" for ::1 at 2021-01-26 14:12:06 -0800
Processing by SpeciesController#index as */*
  [1m[36mSpecies Load (0.2ms)[0m  [1m[34mSELECT "species".* FROM "species"[0m
  ↳ app/controllers/species_controller.rb:4:in `index'
Completed 200 OK in 7ms (Views: 5.9ms | ActiveRecord: 0.2ms | Allocations: 1182)


Started GET "/species" for ::1 at 2021-01-26 14:12:12 -0800
Processing by SpeciesController#index as */*
  [1m[36mSpecies Load (0.4ms)[0m  [1m[34mSELECT "species".* FROM "species"[0m
  ↳ app/controllers/species_controller.rb:4:in `index'
Completed 200 OK in 8ms (Views: 6.0ms | ActiveRecord: 0.4ms | Allocations: 1164)


Started GET "/species" for ::1 at 2021-01-26 14:13:16 -0800
Processing by SpeciesController#index as */*
  [1m[36mSpecies Load (2.1ms)[0m  [1m[34mSELECT "species".* FROM "species"[0m
  ↳ app/controllers/species_controller.rb:4:in `index'
Completed 200 OK in 5ms (Views: 2.7ms | ActiveRecord: 2.1ms | Allocations: 1164)


Started GET "/species" for ::1 at 2021-01-26 14:14:14 -0800
Processing by SpeciesController#index as */*
  [1m[36mSpecies Load (0.3ms)[0m  [1m[34mSELECT "species".* FROM "species"[0m
  ↳ app/controllers/species_controller.rb:4:in `index'
Completed 200 OK in 5ms (Views: 3.5ms | ActiveRecord: 0.3ms | Allocations: 1164)


Started GET "/species" for ::1 at 2021-01-26 14:14:23 -0800
Processing by SpeciesController#index as */*
  [1m[36mSpecies Load (0.2ms)[0m  [1m[34mSELECT "species".* FROM "species"[0m
  ↳ app/controllers/species_controller.rb:4:in `index'
Completed 200 OK in 5ms (Views: 4.1ms | ActiveRecord: 0.2ms | Allocations: 1164)


Started GET "/species" for ::1 at 2021-01-26 14:16:24 -0800
Processing by SpeciesController#index as */*
  [1m[36mSpecies Load (1.7ms)[0m  [1m[34mSELECT "species".* FROM "species"[0m
  ↳ app/controllers/species_controller.rb:4:in `index'
Completed 200 OK in 6ms (Views: 4.1ms | ActiveRecord: 1.7ms | Allocations: 1164)


Started GET "/species" for ::1 at 2021-01-26 14:16:44 -0800
Processing by SpeciesController#index as */*
  [1m[36mSpecies Load (0.6ms)[0m  [1m[34mSELECT "species".* FROM "species"[0m
  ↳ app/controllers/species_controller.rb:4:in `index'
Completed 200 OK in 5ms (Views: 3.8ms | ActiveRecord: 0.6ms | Allocations: 1164)


Started GET "/species" for ::1 at 2021-01-26 14:17:10 -0800
Processing by SpeciesController#index as */*
  [1m[36mSpecies Load (0.2ms)[0m  [1m[34mSELECT "species".* FROM "species"[0m
  ↳ app/controllers/species_controller.rb:4:in `index'
Completed 200 OK in 10ms (Views: 8.9ms | ActiveRecord: 0.2ms | Allocations: 1164)


Started GET "/species" for ::1 at 2021-01-26 14:17:29 -0800
Processing by SpeciesController#index as */*
  [1m[36mSpecies Load (0.1ms)[0m  [1m[34mSELECT "species".* FROM "species"[0m
  ↳ app/controllers/species_controller.rb:4:in `index'
Completed 200 OK in 2ms (Views: 1.8ms | ActiveRecord: 0.1ms | Allocations: 1164)


Started GET "/species" for ::1 at 2021-01-26 14:17:53 -0800
Processing by SpeciesController#index as */*
  [1m[36mSpecies Load (0.4ms)[0m  [1m[34mSELECT "species".* FROM "species"[0m
  ↳ app/controllers/species_controller.rb:4:in `index'
Completed 200 OK in 4ms (Views: 2.8ms | ActiveRecord: 0.4ms | Allocations: 1164)


Started GET "/species" for ::1 at 2021-01-26 14:18:26 -0800
Processing by SpeciesController#index as */*
  [1m[36mSpecies Load (0.2ms)[0m  [1m[34mSELECT "species".* FROM "species"[0m
  ↳ app/controllers/species_controller.rb:4:in `index'
Completed 200 OK in 4ms (Views: 3.3ms | ActiveRecord: 0.2ms | Allocations: 1164)


Started GET "/species" for ::1 at 2021-01-26 14:24:15 -0800
Processing by SpeciesController#index as */*
  [1m[36mSpecies Load (0.3ms)[0m  [1m[34mSELECT "species".* FROM "species"[0m
  ↳ app/controllers/species_controller.rb:4:in `index'
Completed 200 OK in 4ms (Views: 3.8ms | ActiveRecord: 0.3ms | Allocations: 1164)


Started GET "/species" for ::1 at 2021-01-26 14:36:58 -0800
Processing by SpeciesController#index as */*
  [1m[35m (0.1ms)[0m  [1m[34mSELECT sqlite_version(*)[0m
  ↳ app/controllers/species_controller.rb:4:in `index'
  [1m[36mSpecies Load (1.9ms)[0m  [1m[34mSELECT "species".* FROM "species"[0m
  ↳ app/controllers/species_controller.rb:4:in `index'
Completed 200 OK in 16ms (Views: 15.7ms | ActiveRecord: 5.4ms | Allocations: 1751)


Started GET "/species" for ::1 at 2021-01-26 14:37:05 -0800
Processing by SpeciesController#index as */*
  [1m[36mSpecies Load (0.3ms)[0m  [1m[34mSELECT "species".* FROM "species"[0m
  ↳ app/controllers/species_controller.rb:4:in `index'
Completed 200 OK in 8ms (Views: 7.4ms | ActiveRecord: 0.3ms | Allocations: 1164)


Started GET "/species" for ::1 at 2021-01-26 14:39:21 -0800
Processing by SpeciesController#index as */*
  [1m[36mSpecies Load (0.3ms)[0m  [1m[34mSELECT "species".* FROM "species"[0m
  ↳ app/controllers/species_controller.rb:4:in `index'
Completed 200 OK in 5ms (Views: 4.1ms | ActiveRecord: 0.3ms | Allocations: 1164)


